<?xml version="1.0" encoding="UTF-8"?>
<!-- Generated by org.testng.reporters.JUnitXMLReporter -->
<testsuite ignored="1" hostname="INLPF3L43V4" failures="0" tests="6" name="Car Loan" time="0.062" errors="0" timestamp="2024-09-23T17:29:50 IST">
  <testcase classname="udemytestng.day3" name="mobileSignInHomeLoan" time="0.008"/>
  <testcase classname="udemytestng.day3" name="mobileSignInHomeLoan" time="0.001"/>
  <testcase classname="udemytestng.day3" name="mobileSignInHomeLoan" time="0.001"/>
  <testcase classname="udemytestng.day3" name="webloginHomeLoan" time="0.001"/>
  <testcase classname="udemytestng.day3" name="mobileLoginHomeLoan" time="0.001"/>
  <testcase classname="udemytestng.day3" name="ApiLoginHomeLoan" time="0.001"/>
  <testcase classname="udemytestng.day3" name="mobileSignOutHomeLoan" time="0.0">
    <ignored/>
  </testcase> <!-- mobileSignOutHomeLoan -->
</testsuite> <!-- Car Loan -->
