<?xml version="1.0" encoding="UTF-8"?>
<!-- Generated by org.testng.reporters.JUnitXMLReporter -->
<testsuite ignored="0" hostname="INLPF3L43V4" failures="0" tests="7" name="Regression" time="0.057" errors="0" timestamp="2024-09-23T17:29:50 IST">
  <testcase classname="udemytestng.day1" name="krishna" time="0.005"/>
  <testcase classname="udemytestng.day1" name="rama" time="0.002"/>
  <testcase classname="udemytestng.day2" name="radhe" time="0.002"/>
  <testcase classname="udemytestng.day2" name="shyam" time="0.001"/>
  <testcase classname="udemytestng.day4" name="loginApiCarLoan" time="0.001"/>
  <testcase classname="udemytestng.day4" name="mobileLoginCarLoan" time="0.001"/>
  <testcase classname="udemytestng.day4" name="webloginCarLoan" time="0.0"/>
</testsuite> <!-- Regression -->
