<?xml version="1.0" encoding="UTF-8"?>
<testng-results ignored="0" total="1" passed="1" failed="0" skipped="0">
  <reporter-output>
  </reporter-output>
  <suite started-at="2024-09-25T21:45:45 IST" name="Default suite" finished-at="2024-09-25T21:45:45 IST" duration-ms="92">
    <groups>
    </groups>
    <test started-at="2024-09-25T21:45:45 IST" name="Default test" finished-at="2024-09-25T21:45:45 IST" duration-ms="92">
      <class name="udemytestng.PS1">
        <test-method is-config="true" signature="beforeRun()[pri:0, instance:udemytestng.PS1@48aca48b]" started-at="2024-09-25T21:45:45 IST" name="beforeRun" finished-at="2024-09-25T21:45:45 IST" duration-ms="11" status="PASS">
          <reporter-output>
          </reporter-output>
        </test-method> <!-- beforeRun -->
        <test-method signature="testRun()[pri:0, instance:udemytestng.PS1@48aca48b]" started-at="2024-09-25T21:45:45 IST" name="testRun" finished-at="2024-09-25T21:45:45 IST" duration-ms="14" status="PASS">
          <reporter-output>
          </reporter-output>
        </test-method> <!-- testRun -->
      </class> <!-- udemytestng.PS1 -->
    </test> <!-- Default test -->
  </suite> <!-- Default suite -->
</testng-results>
