<?xml version="1.0" encoding="UTF-8"?>
<!-- Generated by org.testng.reporters.JUnitXMLReporter -->
<testsuite ignored="0" hostname="INLPF3L43V4" failures="0" tests="4" name="Testing Krishna" time="0.083" errors="0" timestamp="2024-09-21T22:46:34 IST">
  <testcase classname="udemytestng.day1" name="krishna" time="0.012"/>
  <testcase classname="udemytestng.day1" name="rama" time="0.002"/>
  <testcase classname="udemytestng.day2" name="radhe" time="0.005"/>
  <testcase classname="udemytestng.day2" name="shyam" time="0.001"/>
</testsuite> <!-- Testing Krishna -->
